app/build/outputs/logs/manifest-merger-debug-report.txt
-- Merging decision tree log ---
manifest
ADDED from src/main/AndroidManifest.xml:2:1-73:12
	package
		ADDED from src/main/AndroidManifest.xml:3:7-37
		INJECTED from src/main/AndroidManifest.xml
		INJECTED from src/main/AndroidManifest.xml
	android:versionName
		ADDED from src/main/AndroidManifest.xml:5:7-34
		INJECTED from src/main/AndroidManifest.xml
		INJECTED from src/main/AndroidManifest.xml
	android:versionCode
		ADDED from src/main/AndroidManifest.xml:4:7-31
		INJECTED from src/main/AndroidManifest.xml
		INJECTED from src/main/AndroidManifest.xml
	xmlns:android
		ADDED from src/main/AndroidManifest.xml:2:11-69
uses-permission#android.permission.INTERNET
ADDED from src/main/AndroidManifest.xml:8:2-64
	android:name
		ADDED from src/main/AndroidManifest.xml:8:19-61
uses-permission#android.permission.VIBRATE
ADDED from src/main/AndroidManifest.xml:9:2-63
	android:name
		ADDED from src/main/AndroidManifest.xml:9:19-60
uses-permission#android.permission.RECEIVE_BOOT_COMPLETED
ADDED from src/main/AndroidManifest.xml:10:2-78
	android:name
		ADDED from src/main/AndroidManifest.xml:10:19-75
supports-screens
ADDED from src/main/AndroidManifest.xml:12:2-16:40
	android:largeScreens
		ADDED from src/main/AndroidManifest.xml:13:12-39
	android:smallScreens
		ADDED from src/main/AndroidManifest.xml:15:12-39
	android:normalScreens
		ADDED from src/main/AndroidManifest.xml:14:12-40
	android:anyDensity
		ADDED from src/main/AndroidManifest.xml:16:12-37
application
ADDED from src/main/AndroidManifest.xml:17:5-70:19
	android:label
		ADDED from src/main/AndroidManifest.xml:20:3-35
	android:launchMode
		ADDED from src/main/AndroidManifest.xml:22:3-38
	android:debuggable
		ADDED from src/main/AndroidManifest.xml:18:3-29
	android:icon
		ADDED from src/main/AndroidManifest.xml:19:3-32
	android:theme
		ADDED from src/main/AndroidManifest.xml:21:3-50
activity#com.spacetofu.umlaut.OverviewActivity
ADDED from src/main/AndroidManifest.xml:24:9-31:20
	android:label
		ADDED from src/main/AndroidManifest.xml:26:19-51
	android:configChanges
		ADDED from src/main/AndroidManifest.xml:25:7-37
	android:name
		ADDED from src/main/AndroidManifest.xml:24:19-51
intent-filter#android.intent.action.MAIN+android.intent.category.LAUNCHER
ADDED from src/main/AndroidManifest.xml:27:13-30:29
action#android.intent.action.MAIN
ADDED from src/main/AndroidManifest.xml:28:17-69
	android:name
		ADDED from src/main/AndroidManifest.xml:28:25-66
category#android.intent.category.LAUNCHER
ADDED from src/main/AndroidManifest.xml:29:17-77
	android:name
		ADDED from src/main/AndroidManifest.xml:29:27-74
activity#com.spacetofu.umlaut.NoteActivity
ADDED from src/main/AndroidManifest.xml:33:3-36:20
	android:label
		ADDED from src/main/AndroidManifest.xml:35:19-51
	android:windowSoftInputMode
		ADDED from src/main/AndroidManifest.xml:34:7-49
	android:name
		ADDED from src/main/AndroidManifest.xml:33:13-41
activity#com.spacetofu.umlaut.ListNoteActivity
ADDED from src/main/AndroidManifest.xml:38:3-40:20
	android:label
		ADDED from src/main/AndroidManifest.xml:39:19-51
	android:name
		ADDED from src/main/AndroidManifest.xml:38:13-45
activity#com.spacetofu.umlaut.MainPreferenceActivity
ADDED from src/main/AndroidManifest.xml:42:3-45:20
	android:label
		ADDED from src/main/AndroidManifest.xml:43:19-51
	android:name
		ADDED from src/main/AndroidManifest.xml:42:13-51
activity#com.spacetofu.umlaut.PhotoNoteActivity
ADDED from src/main/AndroidManifest.xml:47:3-50:20
	android:label
		ADDED from src/main/AndroidManifest.xml:48:19-51
	android:name
		ADDED from src/main/AndroidManifest.xml:47:13-46
activity#com.spacetofu.umlaut.VoiceNoteActivity
ADDED from src/main/AndroidManifest.xml:52:3-55:20
	android:label
		ADDED from src/main/AndroidManifest.xml:53:19-51
	android:name
		ADDED from src/main/AndroidManifest.xml:52:13-46
activity#com.spacetofu.umlaut.LocationNoteActivity
ADDED from src/main/AndroidManifest.xml:57:3-60:20
	android:label
		ADDED from src/main/AndroidManifest.xml:58:19-51
	android:name
		ADDED from src/main/AndroidManifest.xml:57:13-49
receiver#com.spacetofu.umlaut.AlarmReceiver
ADDED from src/main/AndroidManifest.xml:62:3-71
	android:process
		ADDED from src/main/AndroidManifest.xml:62:43-68
	android:name
		ADDED from src/main/AndroidManifest.xml:62:13-42
receiver#com.spacetofu.umlaut.AlarmSetter
ADDED from src/main/AndroidManifest.xml:64:3-68:14
	android:name
		ADDED from src/main/AndroidManifest.xml:64:13-40
intent-filter#android.intent.action.BOOT_COMPLETED
ADDED from src/main/AndroidManifest.xml:65:5-67:23
action#android.intent.action.BOOT_COMPLETED
ADDED from src/main/AndroidManifest.xml:66:8-70
	android:name
		ADDED from src/main/AndroidManifest.xml:66:16-67
uses-sdk
ADDED from src/main/AndroidManifest.xml:71:2-40
	android:targetSdkVersion
		INJECTED from src/main/AndroidManifest.xml
		INJECTED from src/main/AndroidManifest.xml
	android:minSdkVersion
		ADDED from src/main/AndroidManifest.xml:71:12-37
		INJECTED from src/main/AndroidManifest.xml
		INJECTED from src/main/AndroidManifest.xml